<?xml version="1.0" encoding="UTF-8"?>
<!-- Generated by org.testng.reporters.JUnitXMLReporter -->
<testsuite ignored="0" hostname="DESKTOP-0J9H01F" failures="2" tests="13" name="Test" time="223.687" errors="0" timestamp="2023-07-15T17:48:51 EDT">
  <testcase classname="com.naveenautomationlabs.AutomationFramework.Tests.YourOrderHasBeenPlacedTest" name="vaildateOrderHasBeenPlaced" time="23.641">
    <skipped/>
  </testcase> <!-- vaildateOrderHasBeenPlaced -->
  <testcase classname="com.naveenautomationlabs.AutomationFramework.Tests.YourOrderHasBeenPlacedTest" name="vaildateOrderHasBeenPlaced" time="22.538">
    <failure type="org.openqa.selenium.TimeoutException" message="Expected condition failed: waiting for alert to be present (tried for 15 second(s) with 500 milliseconds interval)
Build info: version: &amp;apos;3.141.59&amp;apos;, revision: &amp;apos;e82be7d358&amp;apos;, time: &amp;apos;2018-11-14T08:17:03&amp;apos;
System info: host: &amp;apos;DESKTOP-0J9H01F&amp;apos;, ip: &amp;apos;10.0.0.3&amp;apos;, os.name: &amp;apos;Windows 11&amp;apos;, os.arch: &amp;apos;amd64&amp;apos;, os.version: &amp;apos;10.0&amp;apos;, java.version: &amp;apos;11.0.16&amp;apos;
Driver info: org.openqa.selenium.support.events.EventFiringWebDriver
Capabilities {acceptInsecureCerts: false, browserName: chrome, browserVersion: 114.0.5735.199, chrome: {chromedriverVersion: 114.0.5735.90 (386bc09e8f4f..., userDataDir: C:\Users\me\AppData\Local\T...}, goog:chromeOptions: {debuggerAddress: localhost:56287}, javascriptEnabled: true, networkConnectionEnabled: false, pageLoadStrategy: normal, platform: WINDOWS, platformName: WINDOWS, proxy: Proxy(), setWindowRect: true, strictFileInteractability: false, timeouts: {implicit: 0, pageLoad: 300000, script: 30000}, unhandledPromptBehavior: dismiss and notify, webauthn:extension:credBlob: true, webauthn:extension:largeBlob: true, webauthn:extension:minPinLength: true, webauthn:extension:prf: true, webauthn:virtualAuthenticators: true}
Session ID: 348322447f2ddcac24e752d820bd91b8">
      <![CDATA[org.openqa.selenium.TimeoutException: Expected condition failed: waiting for alert to be present (tried for 15 second(s) with 500 milliseconds interval)
Build info: version: '3.141.59', revision: 'e82be7d358', time: '2018-11-14T08:17:03'
System info: host: 'DESKTOP-0J9H01F', ip: '10.0.0.3', os.name: 'Windows 11', os.arch: 'amd64', os.version: '10.0', java.version: '11.0.16'
Driver info: org.openqa.selenium.support.events.EventFiringWebDriver
Capabilities {acceptInsecureCerts: false, browserName: chrome, browserVersion: 114.0.5735.199, chrome: {chromedriverVersion: 114.0.5735.90 (386bc09e8f4f..., userDataDir: C:\Users\me\AppData\Local\T...}, goog:chromeOptions: {debuggerAddress: localhost:56287}, javascriptEnabled: true, networkConnectionEnabled: false, pageLoadStrategy: normal, platform: WINDOWS, platformName: WINDOWS, proxy: Proxy(), setWindowRect: true, strictFileInteractability: false, timeouts: {implicit: 0, pageLoad: 300000, script: 30000}, unhandledPromptBehavior: dismiss and notify, webauthn:extension:credBlob: true, webauthn:extension:largeBlob: true, webauthn:extension:minPinLength: true, webauthn:extension:prf: true, webauthn:virtualAuthenticators: true}
Session ID: 348322447f2ddcac24e752d820bd91b8
at org.openqa.selenium.support.ui.WebDriverWait.timeoutException(WebDriverWait.java:95)
at org.openqa.selenium.support.ui.FluentWait.until(FluentWait.java:272)
at com.naveenautomationlabs.AutomationFramework.Pages.AppleCinema30.clickUploadFileBtn(AppleCinema30.java:87)
at com.naveenautomationlabs.AutomationFramework.Pages.AppleCinema30.addItemToShoppingCart(AppleCinema30.java:119)
at com.naveenautomationlabs.AutomationFramework.Tests.YourOrderHasBeenPlacedTest.vaildateOrderHasBeenPlaced(YourOrderHasBeenPlacedTest.java:40)
at java.base/java.util.ArrayList.forEach(ArrayList.java:1541)
... Removed 27 stack frames]]>
    </failure>
  </testcase> <!-- vaildateOrderHasBeenPlaced -->
  <testcase classname="com.naveenautomationlabs.AutomationFramework.Tests.AccountLoginTest" name="validateLogin" time="2.82"/>
  <testcase classname="com.naveenautomationlabs.AutomationFramework.Tests.AccountLoginTest" name="validateLogin" time="2.388"/>
  <testcase classname="com.naveenautomationlabs.AutomationFramework.Tests.AccountLoginTest" name="validateLogin" time="2.32"/>
  <testcase classname="com.naveenautomationlabs.AutomationFramework.Tests.MyWishListTest" name="validateUnitPrice" time="4.313"/>
  <testcase classname="com.naveenautomationlabs.AutomationFramework.Tests.ShoppingCartTest" name="vaildateProductAvailability" time="23.404">
    <skipped/>
  </testcase> <!-- vaildateProductAvailability -->
  <testcase classname="com.naveenautomationlabs.AutomationFramework.Tests.ShoppingCartTest" name="vaildateProductAvailability" time="23.151">
    <failure type="org.openqa.selenium.TimeoutException" message="Expected condition failed: waiting for alert to be present (tried for 15 second(s) with 500 milliseconds interval)
Build info: version: &amp;apos;3.141.59&amp;apos;, revision: &amp;apos;e82be7d358&amp;apos;, time: &amp;apos;2018-11-14T08:17:03&amp;apos;
System info: host: &amp;apos;DESKTOP-0J9H01F&amp;apos;, ip: &amp;apos;10.0.0.3&amp;apos;, os.name: &amp;apos;Windows 11&amp;apos;, os.arch: &amp;apos;amd64&amp;apos;, os.version: &amp;apos;10.0&amp;apos;, java.version: &amp;apos;11.0.16&amp;apos;
Driver info: org.openqa.selenium.support.events.EventFiringWebDriver
Capabilities {acceptInsecureCerts: false, browserName: chrome, browserVersion: 114.0.5735.199, chrome: {chromedriverVersion: 114.0.5735.90 (386bc09e8f4f..., userDataDir: C:\Users\me\AppData\Local\T...}, goog:chromeOptions: {debuggerAddress: localhost:56558}, javascriptEnabled: true, networkConnectionEnabled: false, pageLoadStrategy: normal, platform: WINDOWS, platformName: WINDOWS, proxy: Proxy(), setWindowRect: true, strictFileInteractability: false, timeouts: {implicit: 0, pageLoad: 300000, script: 30000}, unhandledPromptBehavior: dismiss and notify, webauthn:extension:credBlob: true, webauthn:extension:largeBlob: true, webauthn:extension:minPinLength: true, webauthn:extension:prf: true, webauthn:virtualAuthenticators: true}
Session ID: f3cbc1750ba2f1a26b8d8782e6487aab">
      <![CDATA[org.openqa.selenium.TimeoutException: Expected condition failed: waiting for alert to be present (tried for 15 second(s) with 500 milliseconds interval)
Build info: version: '3.141.59', revision: 'e82be7d358', time: '2018-11-14T08:17:03'
System info: host: 'DESKTOP-0J9H01F', ip: '10.0.0.3', os.name: 'Windows 11', os.arch: 'amd64', os.version: '10.0', java.version: '11.0.16'
Driver info: org.openqa.selenium.support.events.EventFiringWebDriver
Capabilities {acceptInsecureCerts: false, browserName: chrome, browserVersion: 114.0.5735.199, chrome: {chromedriverVersion: 114.0.5735.90 (386bc09e8f4f..., userDataDir: C:\Users\me\AppData\Local\T...}, goog:chromeOptions: {debuggerAddress: localhost:56558}, javascriptEnabled: true, networkConnectionEnabled: false, pageLoadStrategy: normal, platform: WINDOWS, platformName: WINDOWS, proxy: Proxy(), setWindowRect: true, strictFileInteractability: false, timeouts: {implicit: 0, pageLoad: 300000, script: 30000}, unhandledPromptBehavior: dismiss and notify, webauthn:extension:credBlob: true, webauthn:extension:largeBlob: true, webauthn:extension:minPinLength: true, webauthn:extension:prf: true, webauthn:virtualAuthenticators: true}
Session ID: f3cbc1750ba2f1a26b8d8782e6487aab
at org.openqa.selenium.support.ui.WebDriverWait.timeoutException(WebDriverWait.java:95)
at org.openqa.selenium.support.ui.FluentWait.until(FluentWait.java:272)
at com.naveenautomationlabs.AutomationFramework.Pages.AppleCinema30.clickUploadFileBtn(AppleCinema30.java:87)
at com.naveenautomationlabs.AutomationFramework.Pages.AppleCinema30.addItemToShoppingCart(AppleCinema30.java:119)
at com.naveenautomationlabs.AutomationFramework.Tests.ShoppingCartTest.vaildateProductAvailability(ShoppingCartTest.java:34)
at java.base/java.util.ArrayList.forEach(ArrayList.java:1541)
... Removed 27 stack frames]]>
    </failure>
  </testcase> <!-- vaildateProductAvailability -->
  <testcase classname="com.naveenautomationlabs.AutomationFramework.Tests.YourStoreTest" name="validateAddToWishList" time="1.415"/>
  <testcase classname="com.naveenautomationlabs.AutomationFramework.Tests.YourStoreTest" name="validateSlider" time="16.562"/>
  <testcase classname="com.naveenautomationlabs.AutomationFramework.Tests.MacbookTest" name="validateProductsMenu" time="16.796"/>
  <testcase classname="com.naveenautomationlabs.AutomationFramework.Tests.MyAccountTest" name="validateSideNavigationMenu" time="5.037"/>
  <testcase classname="com.naveenautomationlabs.AutomationFramework.Tests.RegisterAccountTest" name="validateRegisterUsingSameEmail" time="3.783"/>
</testsuite> <!-- Test -->
